<?xml version="1.0" encoding="UTF-8"?>
<!-- Generated by org.testng.reporters.JUnitReportReporter -->
<testsuite hostname="PrabuLaptop" failures="0" tests="4" name="swapiPackage.TC01_CrudFunctions" time="10.223" errors="0" timestamp="2024-08-17T14:58:37 BST" skipped="0">
  <testcase classname="swapiPackage.TC01_CrudFunctions" name="getcall_TC01" time="0.363"/>
  <system-out/>
  <testcase classname="swapiPackage.TC01_CrudFunctions" name="putcall_TC03" time="0.306"/>
  <system-out/>
  <testcase classname="swapiPackage.TC01_CrudFunctions" name="deletecall_TC04" time="9.120"/>
  <system-out/>
  <testcase classname="swapiPackage.TC01_CrudFunctions" name="postcall_TC02" time="0.434"/>
  <system-out/>
</testsuite> <!-- swapiPackage.TC01_CrudFunctions -->
