<?xml version="1.0" encoding="UTF-8"?>
<!-- Generated by org.testng.reporters.JUnitReportReporter -->
<testsuite hostname="PrabuLaptop" failures="0" tests="1" name="leisureCenter.Booking" time="70.384" errors="0" timestamp="2025-04-19T14:16:31 BST" skipped="0">
  <testcase classname="leisureCenter.Booking" name="browser_actions" time="70.384"/>
  <system-out/>
</testsuite> <!-- leisureCenter.Booking -->
