<?xml version="1.0" encoding="UTF-8"?>
<!-- Generated by org.testng.reporters.JUnitReportReporter -->
<testsuite hostname="PrabuLaptop" failures="0" tests="1" name="leisureCenter.Booking" time="271.126" errors="0" timestamp="2025-06-22T13:45:18 BST" skipped="0">
  <testcase classname="leisureCenter.Booking" name="browser_actions" time="271.126"/>
  <system-out/>
</testsuite> <!-- leisureCenter.Booking -->
