<?xml version="1.0" encoding="UTF-8"?>
<!-- Generated by org.testng.reporters.JUnitReportReporter -->
<testsuite hostname="PrabuLaptop" failures="0" tests="1" name="leisureCenter.Booking" time="172.794" errors="1" timestamp="2025-07-07T15:17:40 BST" skipped="0">
  <testcase classname="leisureCenter.Booking" name="browser_actions" time="172.794">
    <error message="Error {
  message=&#039;Error: strict mode violation: &quot;xpath=//button[text()=&#039;Apply&#039;]&quot; resolved to 3 elements:
    1) &lt;button class=&quot;xn-button xn-cta&quot; data-bind=&quot;click: setSi…&gt;Apply&lt;/button&gt; aka playwright.$(&quot;role=button[name=&quot;Apply&quot;]&quot;)
    2) &lt;button title=&quot;Apply filter&quot; class=&quot;xn-button xn-cta&quot; da…&gt;Apply&lt;/button&gt; aka playwright.$(&quot;tr:has-text(&quot;Badminton Apply&quot;) button&quot;)
    3) &lt;button title=&quot;Apply filter&quot; class=&quot;xn-button xn-cta&quot; da…&gt;Apply&lt;/button&gt; aka playwright.$(&quot;tr:has-text(&quot;Macc Apply&quot;) button&quot;)

=========================== logs ===========================
  checking visibility of &quot;xpath=//button[text()=&#039;Apply&#039;]&quot;
============================================================
  name=&#039;Error
  stack=&#039;Error: Error: strict mode violation: &quot;xpath=//button[text()=&#039;Apply&#039;]&quot; resolved to 3 elements:
    1) &lt;button class=&quot;xn-button xn-cta&quot; data-bind=&quot;click: setSi…&gt;Apply&lt;/button&gt; aka playwright.$(&quot;role=button[name=&quot;Apply&quot;]&quot;)
    2) &lt;button title=&quot;Apply filter&quot; class=&quot;xn-button xn-cta&quot; da…&gt;Apply&lt;/button&gt; aka playwright.$(&quot;tr:has-text(&quot;Badminton Apply&quot;) button&quot;)
    3) &lt;button title=&quot;Apply filter&quot; class=&quot;xn-button xn-cta&quot; da…&gt;Apply&lt;/button&gt; aka playwright.$(&quot;tr:has-text(&quot;Macc Apply&quot;) button&quot;)

=========================== logs ===========================
  checking visibility of &quot;xpath=//button[text()=&#039;Apply&#039;]&quot;
============================================================
    at CRExecutionContext.evaluateWithArguments (C:\Users\Prabu\AppData\Local\Temp\playwright-java-5919405311878148189\package\lib\server\chromium\crExecutionContext.js:103:33)
    at async evaluateExpression (C:\Users\Prabu\AppData\Local\Temp\playwright-java-5919405311878148189\package\lib\server\javascript.js:264:12)
    at async C:\Users\Prabu\AppData\Local\Temp\playwright-java-5919405311878148189\package\lib\server\frames.js:1320:14
    at async ProgressController.run (C:\Users\Prabu\AppData\Local\Temp\playwright-java-5919405311878148189\package\lib\server\progress.js:101:22)
    at async FrameDispatcher.isVisible (C:\Users\Prabu\AppData\Local\Temp\playwright-java-5919405311878148189\package\lib\server\dispatchers\frameDispatcher.js:261:14)
    at async DispatcherConnection.dispatch (C:\Users\Prabu\AppData\Local\Temp\playwright-java-5919405311878148189\package\lib\server\dispatchers\dispatcher.js:401:22)
}" type="com.microsoft.playwright.PlaywrightException">
      <![CDATA[com.microsoft.playwright.PlaywrightException: Error {
  message='Error: strict mode violation: "xpath=//button[text()='Apply']" resolved to 3 elements:
    1) <button class="xn-button xn-cta" data-bind="click: setSi…>Apply</button> aka playwright.$("role=button[name="Apply"]")
    2) <button title="Apply filter" class="xn-button xn-cta" da…>Apply</button> aka playwright.$("tr:has-text("Badminton Apply") button")
    3) <button title="Apply filter" class="xn-button xn-cta" da…>Apply</button> aka playwright.$("tr:has-text("Macc Apply") button")

=========================== logs ===========================
  checking visibility of "xpath=//button[text()='Apply']"
============================================================
  name='Error
  stack='Error: Error: strict mode violation: "xpath=//button[text()='Apply']" resolved to 3 elements:
    1) <button class="xn-button xn-cta" data-bind="click: setSi…>Apply</button> aka playwright.$("role=button[name="Apply"]")
    2) <button title="Apply filter" class="xn-button xn-cta" da…>Apply</button> aka playwright.$("tr:has-text("Badminton Apply") button")
    3) <button title="Apply filter" class="xn-button xn-cta" da…>Apply</button> aka playwright.$("tr:has-text("Macc Apply") button")

=========================== logs ===========================
  checking visibility of "xpath=//button[text()='Apply']"
============================================================
    at CRExecutionContext.evaluateWithArguments (C:\Users\Prabu\AppData\Local\Temp\playwright-java-5919405311878148189\package\lib\server\chromium\crExecutionContext.js:103:33)
    at async evaluateExpression (C:\Users\Prabu\AppData\Local\Temp\playwright-java-5919405311878148189\package\lib\server\javascript.js:264:12)
    at async C:\Users\Prabu\AppData\Local\Temp\playwright-java-5919405311878148189\package\lib\server\frames.js:1320:14
    at async ProgressController.run (C:\Users\Prabu\AppData\Local\Temp\playwright-java-5919405311878148189\package\lib\server\progress.js:101:22)
    at async FrameDispatcher.isVisible (C:\Users\Prabu\AppData\Local\Temp\playwright-java-5919405311878148189\package\lib\server\dispatchers\frameDispatcher.js:261:14)
    at async DispatcherConnection.dispatch (C:\Users\Prabu\AppData\Local\Temp\playwright-java-5919405311878148189\package\lib\server\dispatchers\dispatcher.js:401:22)
}
at com.microsoft.playwright.impl.WaitableResult.get(WaitableResult.java:54)
at com.microsoft.playwright.impl.ChannelOwner.runUntil(ChannelOwner.java:111)
at com.microsoft.playwright.impl.Connection.sendMessage(Connection.java:113)
at com.microsoft.playwright.impl.ChannelOwner.sendMessage(ChannelOwner.java:102)
at com.microsoft.playwright.impl.FrameImpl.isVisibleImpl(FrameImpl.java:640)
at com.microsoft.playwright.impl.FrameImpl.lambda$isVisible$30(FrameImpl.java:626)
at com.microsoft.playwright.impl.LoggingSupport.withLogging(LoggingSupport.java:47)
at com.microsoft.playwright.impl.ChannelOwner.withLogging(ChannelOwner.java:87)
at com.microsoft.playwright.impl.FrameImpl.isVisible(FrameImpl.java:626)
at com.microsoft.playwright.impl.LocatorImpl.isVisible(LocatorImpl.java:339)
at com.microsoft.playwright.Locator.isVisible(Locator.java:2759)
at leisureCenter.Booking.handlePreferredSitePopup(Booking.java:215)
at leisureCenter.Booking.browser_actions(Booking.java:116)
at java.base/jdk.internal.reflect.NativeMethodAccessorImpl.invoke0(Native Method)
at java.base/jdk.internal.reflect.NativeMethodAccessorImpl.invoke(NativeMethodAccessorImpl.java:62)
at java.base/jdk.internal.reflect.DelegatingMethodAccessorImpl.invoke(DelegatingMethodAccessorImpl.java:43)
at java.base/java.lang.reflect.Method.invoke(Method.java:566)
at org.testng.internal.invokers.MethodInvocationHelper.invokeMethod(MethodInvocationHelper.java:139)
at org.testng.internal.invokers.TestInvoker.invokeMethod(TestInvoker.java:677)
at org.testng.internal.invokers.TestInvoker.invokeTestMethod(TestInvoker.java:221)
at org.testng.internal.invokers.MethodRunner.runInSequence(MethodRunner.java:50)
at org.testng.internal.invokers.TestInvoker$MethodInvocationAgent.invoke(TestInvoker.java:969)
at org.testng.internal.invokers.TestInvoker.invokeTestMethods(TestInvoker.java:194)
at org.testng.internal.invokers.TestMethodWorker.invokeTestMethods(TestMethodWorker.java:148)
at org.testng.internal.invokers.TestMethodWorker.run(TestMethodWorker.java:128)
at java.base/java.util.ArrayList.forEach(ArrayList.java:1541)
at org.testng.TestRunner.privateRun(TestRunner.java:829)
at org.testng.TestRunner.run(TestRunner.java:602)
at org.testng.SuiteRunner.runTest(SuiteRunner.java:437)
at org.testng.SuiteRunner.runSequentially(SuiteRunner.java:431)
at org.testng.SuiteRunner.privateRun(SuiteRunner.java:391)
at org.testng.SuiteRunner.run(SuiteRunner.java:330)
at org.testng.SuiteRunnerWorker.runSuite(SuiteRunnerWorker.java:52)
at org.testng.SuiteRunnerWorker.run(SuiteRunnerWorker.java:95)
at org.testng.TestNG.runSuitesSequentially(TestNG.java:1256)
at org.testng.TestNG.runSuitesLocally(TestNG.java:1176)
at org.testng.TestNG.runSuites(TestNG.java:1099)
at org.testng.TestNG.run(TestNG.java:1067)
at org.testng.remote.AbstractRemoteTestNG.run(AbstractRemoteTestNG.java:115)
at org.testng.remote.RemoteTestNG.initAndRun(RemoteTestNG.java:293)
at org.testng.remote.RemoteTestNG.main(RemoteTestNG.java:91)
Caused by: com.microsoft.playwright.impl.DriverException: Error {
  message='Error: strict mode violation: "xpath=//button[text()='Apply']" resolved to 3 elements:
    1) <button class="xn-button xn-cta" data-bind="click: setSi…>Apply</button> aka playwright.$("role=button[name="Apply"]")
    2) <button title="Apply filter" class="xn-button xn-cta" da…>Apply</button> aka playwright.$("tr:has-text("Badminton Apply") button")
    3) <button title="Apply filter" class="xn-button xn-cta" da…>Apply</button> aka playwright.$("tr:has-text("Macc Apply") button")

=========================== logs ===========================
  checking visibility of "xpath=//button[text()='Apply']"
============================================================
  name='Error
  stack='Error: Error: strict mode violation: "xpath=//button[text()='Apply']" resolved to 3 elements:
    1) <button class="xn-button xn-cta" data-bind="click: setSi…>Apply</button> aka playwright.$("role=button[name="Apply"]")
    2) <button title="Apply filter" class="xn-button xn-cta" da…>Apply</button> aka playwright.$("tr:has-text("Badminton Apply") button")
    3) <button title="Apply filter" class="xn-button xn-cta" da…>Apply</button> aka playwright.$("tr:has-text("Macc Apply") button")

=========================== logs ===========================
  checking visibility of "xpath=//button[text()='Apply']"
============================================================
    at CRExecutionContext.evaluateWithArguments (C:\Users\Prabu\AppData\Local\Temp\playwright-java-5919405311878148189\package\lib\server\chromium\crExecutionContext.js:103:33)
    at async evaluateExpression (C:\Users\Prabu\AppData\Local\Temp\playwright-java-5919405311878148189\package\lib\server\javascript.js:264:12)
    at async C:\Users\Prabu\AppData\Local\Temp\playwright-java-5919405311878148189\package\lib\server\frames.js:1320:14
    at async ProgressController.run (C:\Users\Prabu\AppData\Local\Temp\playwright-java-5919405311878148189\package\lib\server\progress.js:101:22)
    at async FrameDispatcher.isVisible (C:\Users\Prabu\AppData\Local\Temp\playwright-java-5919405311878148189\package\lib\server\dispatchers\frameDispatcher.js:261:14)
    at async DispatcherConnection.dispatch (C:\Users\Prabu\AppData\Local\Temp\playwright-java-5919405311878148189\package\lib\server\dispatchers\dispatcher.js:401:22)
}
at com.microsoft.playwright.impl.Connection.dispatch(Connection.java:195)
at com.microsoft.playwright.impl.Connection.processOneMessage(Connection.java:175)
at com.microsoft.playwright.impl.ChannelOwner.runUntil(ChannelOwner.java:109)
... 39 more
]]>
    </error>
  </testcase> <!-- browser_actions -->
  <system-out/>
</testsuite> <!-- leisureCenter.Booking -->
