<?xml version="1.0" encoding="UTF-8"?>
<!-- Generated by org.testng.reporters.JUnitReportReporter -->
<testsuite hostname="PrabuLaptop" failures="0" tests="1" name="leisureCenter.Booking" time="101.327" errors="0" timestamp="2025-04-19T03:37:06 BST" skipped="0">
  <testcase classname="leisureCenter.Booking" name="browser_actions" time="101.327"/>
  <system-out/>
</testsuite> <!-- leisureCenter.Booking -->
