<?xml version="1.0" encoding="UTF-8"?>
<!-- Generated by org.testng.reporters.JUnitReportReporter -->
<testsuite hostname="PrabuLaptop" failures="0" tests="1" name="lloydsAssignment.Assignment1" time="148.801" errors="0" timestamp="2024-08-18T15:29:18 BST" skipped="0">
  <testcase classname="lloydsAssignment.Assignment1" name="browser_actions" time="148.801"/>
  <system-out/>
</testsuite> <!-- lloydsAssignment.Assignment1 -->
