<?xml version="1.0" encoding="UTF-8"?>
<!-- Generated by org.testng.reporters.JUnitReportReporter -->
<testsuite hostname="PrabuLaptop" failures="0" tests="1" name="leisureCenter.Booking" time="53.667" errors="1" timestamp="2025-04-18T20:13:57 BST" skipped="0">
  <testcase classname="leisureCenter.Booking" name="browser_actions" time="53.667">
    <error message="Error {
  message=&#039;Timeout 30000ms exceeded.
=========================== logs ===========================
waiting for selector &quot;button.xn-button.xn-primary:has-text(&#039;Add to Basket&#039;)&quot;
============================================================
  name=&#039;TimeoutError
  stack=&#039;TimeoutError: Timeout 30000ms exceeded.
=========================== logs ===========================
waiting for selector &quot;button.xn-button.xn-primary:has-text(&#039;Add to Basket&#039;)&quot;
============================================================
    at ProgressController.run (C:\Users\Prabu\AppData\Local\Temp\playwright-java-1704070588198958638\package\lib\server\progress.js:96:26)
    at Frame.click (C:\Users\Prabu\AppData\Local\Temp\playwright-java-1704070588198958638\package\lib\server\frames.js:1191:23)
    at FrameDispatcher.click (C:\Users\Prabu\AppData\Local\Temp\playwright-java-1704070588198958638\package\lib\server\dispatchers\frameDispatcher.js:173:30)
    at DispatcherConnection.dispatch (C:\Users\Prabu\AppData\Local\Temp\playwright-java-1704070588198958638\package\lib\server\dispatchers\dispatcher.js:401:46)
}" type="com.microsoft.playwright.TimeoutError">
      <![CDATA[com.microsoft.playwright.TimeoutError: Error {
  message='Timeout 30000ms exceeded.
=========================== logs ===========================
waiting for selector "button.xn-button.xn-primary:has-text('Add to Basket')"
============================================================
  name='TimeoutError
  stack='TimeoutError: Timeout 30000ms exceeded.
=========================== logs ===========================
waiting for selector "button.xn-button.xn-primary:has-text('Add to Basket')"
============================================================
    at ProgressController.run (C:\Users\Prabu\AppData\Local\Temp\playwright-java-1704070588198958638\package\lib\server\progress.js:96:26)
    at Frame.click (C:\Users\Prabu\AppData\Local\Temp\playwright-java-1704070588198958638\package\lib\server\frames.js:1191:23)
    at FrameDispatcher.click (C:\Users\Prabu\AppData\Local\Temp\playwright-java-1704070588198958638\package\lib\server\dispatchers\frameDispatcher.js:173:30)
    at DispatcherConnection.dispatch (C:\Users\Prabu\AppData\Local\Temp\playwright-java-1704070588198958638\package\lib\server\dispatchers\dispatcher.js:401:46)
}
at com.microsoft.playwright.impl.WaitableResult.get(WaitableResult.java:52)
at com.microsoft.playwright.impl.ChannelOwner.runUntil(ChannelOwner.java:111)
at com.microsoft.playwright.impl.Connection.sendMessage(Connection.java:113)
at com.microsoft.playwright.impl.ChannelOwner.sendMessage(ChannelOwner.java:102)
at com.microsoft.playwright.impl.FrameImpl.clickImpl(FrameImpl.java:256)
at com.microsoft.playwright.impl.PageImpl.lambda$click$17(PageImpl.java:626)
at com.microsoft.playwright.impl.LoggingSupport.lambda$withLogging$0(LoggingSupport.java:36)
at com.microsoft.playwright.impl.LoggingSupport.withLogging(LoggingSupport.java:47)
at com.microsoft.playwright.impl.ChannelOwner.withLogging(ChannelOwner.java:87)
at com.microsoft.playwright.impl.LoggingSupport.withLogging(LoggingSupport.java:35)
at com.microsoft.playwright.impl.PageImpl.click(PageImpl.java:625)
at com.microsoft.playwright.Page.click(Page.java:3584)
at leisureCenter.Booking.browser_actions(Booking.java:119)
at java.base/jdk.internal.reflect.NativeMethodAccessorImpl.invoke0(Native Method)
at java.base/jdk.internal.reflect.NativeMethodAccessorImpl.invoke(NativeMethodAccessorImpl.java:62)
at java.base/jdk.internal.reflect.DelegatingMethodAccessorImpl.invoke(DelegatingMethodAccessorImpl.java:43)
at java.base/java.lang.reflect.Method.invoke(Method.java:566)
at org.testng.internal.invokers.MethodInvocationHelper.invokeMethod(MethodInvocationHelper.java:139)
at org.testng.internal.invokers.TestInvoker.invokeMethod(TestInvoker.java:677)
at org.testng.internal.invokers.TestInvoker.invokeTestMethod(TestInvoker.java:221)
at org.testng.internal.invokers.MethodRunner.runInSequence(MethodRunner.java:50)
at org.testng.internal.invokers.TestInvoker$MethodInvocationAgent.invoke(TestInvoker.java:969)
at org.testng.internal.invokers.TestInvoker.invokeTestMethods(TestInvoker.java:194)
at org.testng.internal.invokers.TestMethodWorker.invokeTestMethods(TestMethodWorker.java:148)
at org.testng.internal.invokers.TestMethodWorker.run(TestMethodWorker.java:128)
at java.base/java.util.ArrayList.forEach(ArrayList.java:1541)
at org.testng.TestRunner.privateRun(TestRunner.java:829)
at org.testng.TestRunner.run(TestRunner.java:602)
at org.testng.SuiteRunner.runTest(SuiteRunner.java:437)
at org.testng.SuiteRunner.runSequentially(SuiteRunner.java:431)
at org.testng.SuiteRunner.privateRun(SuiteRunner.java:391)
at org.testng.SuiteRunner.run(SuiteRunner.java:330)
at org.testng.SuiteRunnerWorker.runSuite(SuiteRunnerWorker.java:52)
at org.testng.SuiteRunnerWorker.run(SuiteRunnerWorker.java:95)
at org.testng.TestNG.runSuitesSequentially(TestNG.java:1256)
at org.testng.TestNG.runSuitesLocally(TestNG.java:1176)
at org.testng.TestNG.runSuites(TestNG.java:1099)
at org.testng.TestNG.run(TestNG.java:1067)
at org.testng.remote.AbstractRemoteTestNG.run(AbstractRemoteTestNG.java:115)
at org.testng.remote.RemoteTestNG.initAndRun(RemoteTestNG.java:251)
at org.testng.remote.RemoteTestNG.main(RemoteTestNG.java:77)
Caused by: com.microsoft.playwright.TimeoutError: Error {
  message='Timeout 30000ms exceeded.
=========================== logs ===========================
waiting for selector "button.xn-button.xn-primary:has-text('Add to Basket')"
============================================================
  name='TimeoutError
  stack='TimeoutError: Timeout 30000ms exceeded.
=========================== logs ===========================
waiting for selector "button.xn-button.xn-primary:has-text('Add to Basket')"
============================================================
    at ProgressController.run (C:\Users\Prabu\AppData\Local\Temp\playwright-java-1704070588198958638\package\lib\server\progress.js:96:26)
    at Frame.click (C:\Users\Prabu\AppData\Local\Temp\playwright-java-1704070588198958638\package\lib\server\frames.js:1191:23)
    at FrameDispatcher.click (C:\Users\Prabu\AppData\Local\Temp\playwright-java-1704070588198958638\package\lib\server\dispatchers\frameDispatcher.js:173:30)
    at DispatcherConnection.dispatch (C:\Users\Prabu\AppData\Local\Temp\playwright-java-1704070588198958638\package\lib\server\dispatchers\dispatcher.js:401:46)
}
at com.microsoft.playwright.impl.Connection.dispatch(Connection.java:193)
at com.microsoft.playwright.impl.Connection.processOneMessage(Connection.java:175)
at com.microsoft.playwright.impl.ChannelOwner.runUntil(ChannelOwner.java:109)
... 39 more
]]>
    </error>
  </testcase> <!-- browser_actions -->
  <system-out/>
</testsuite> <!-- leisureCenter.Booking -->
