<?xml version="1.0" encoding="UTF-8"?>
<!-- Generated by org.testng.reporters.JUnitReportReporter -->
<testsuite hostname="PrabuLaptop" failures="0" tests="1" name="leisureCenter.Booking" time="99.039" errors="0" timestamp="2025-04-19T00:25:04 BST" skipped="0">
  <testcase classname="leisureCenter.Booking" name="browser_actions" time="99.039"/>
  <system-out/>
</testsuite> <!-- leisureCenter.Booking -->
